    29 58.6  0.0  0.0 HEX3045G05                 463       491    82235 +  AT_rich         Low_complexity      142     170   (130)
    25 40.0  0.0  0.0 HEX3045G05                 469       493    82233 C  AT_rich         Low_complexity    (138)     162     138
    25 66.7  0.0  0.0 HEX3045G05                 716       754    81972 +  AT_rich         Low_complexity      131     169   (131)
   469 36.2  0.7  1.6 HEX3045G05                1764      2069    80657 +  TREP20          Unknown            1482    1784  (3156)
   507 32.4  3.5  3.1 HEX3045G05                1816      2105    80621 +  TREP58          Unknown             177     467   (135)
   450 32.8  2.7  2.7 HEX3045G05                1920      2248    80478 +  TREP214         Unknown             787    1115   (901)
 66873  8.0  0.5  0.7 HEX3045G05                3980     12709    70017 +  TREP1222        Unknown               6    8718     (6)
   288 20.0  0.0  0.0 HEX3045G05               13308     13357    69369 C  TREP824         Unknown           (480)    3522    3473
  1642 21.1  4.9  4.3 HEX3045G05               13392     13897    68829 C  TREP824         Unknown           (534)    3468    2960
 10808 11.8  2.0  2.9 HEX3045G05               13880     15631    67095 +  TREP1222        Unknown               2    1738  (6986)
  1998 30.4  0.9  1.2 HEX3045G05               15619     16424    66302 C  TREP824         Unknown          (1017)    2985    2183
   345 23.7  0.7  4.5 HEX3045G05               24659     24795    57931 +  TREP778         Unknown            7161    7292  (4069)
   385 19.4  0.0  1.1 HEX3045G05               24687     24780    57946 +  TREP778         Unknown            7306    7398  (3963)
   239 30.9  0.0  0.0 HEX3045G05               25472     25552    57174 +  (A)n            Simple_repeat        53     133    (47)
   320 26.9  0.0  0.0 HEX3045G05               25725     25817    56909 +  (A)n            Simple_repeat        28     120    (60)
   424 26.9  0.0  0.0 HEX3045G05               27496     27614    55112 +  (A)n            Simple_repeat         1     119    (61)
  3025 34.6  1.8  1.7 HEX3045G05               28221     29843    52883 C  TREP2057        Unknown          (1231)    5906    4282
  2440 33.5  2.9  3.0 HEX3045G05               28290     30033    52693 C  TREP1326        Unknown           (264)    4671    2929
  1069 34.9  5.5  4.9 HEX3045G05               30263     31577    51149 C  TREP2057        Unknown          (3306)    3831    2510
  1224 32.4  4.6  4.1 HEX3045G05               30264     31307    51419 C  TREP2012        Unknown          (2171)    1429     381
 12557  8.4  0.7  1.5 HEX3045G05               32892     34688    48038 C  TREP1222        Unknown             (5)    8719    6937
   595 20.4  1.4  2.1 HEX3045G05               34762     34906    47820 C  TREP792         Unknown          (1752)    6969    6826
 42845 11.6  1.0  0.7 HEX3045G05               34952     41474    41252 C  TREP1222        Unknown          (2177)    6547       6
   258 31.6  0.0  2.7 HEX3045G05               42614     42766    39960 C  TREP2034        Unknown            (95)     166      18
    26 46.1  0.0  0.0 HEX3045G05               43424     43449    39277 +  GC_rich         Low_complexity      136     161   (139)
   228 13.5  0.0  0.0 HEX3045G05               46472     46508    36218 +  (G)n            Simple_repeat         1      37   (143)
  1300 22.2  0.9  4.7 HEX3045G05               47010     47340    35386 C  TREP2036        Unknown             (0)     319       1
  1517 27.2  5.1  2.2 HEX3045G05               47423     47911    34815 +  TREP239         Unknown              68     570   (208)
  1908 25.1  6.4  6.8 HEX3045G05               48312     49556    33170 C  TREP1301        Unknown             (5)    2511    1271
  7339 15.3  2.9  3.0 HEX3045G05               48504     50043    32683 C  TREP1301        Unknown           (174)    2342     805
  2024 14.2  3.2  4.8 HEX3045G05               50371     50835    31891 C  TREP1301        Unknown          (1996)     520      63
  9551 10.4  0.5  0.8 HEX3045G05               51886     53298    29428 C  TREP255         Unknown             (5)    2525    1117
  1374 11.9  1.4  1.8 HEX3045G05               54067     54289    28437 C  TREP255         Unknown          (2101)     429     208
   971 15.5  1.1  1.1 HEX3045G05               54273     54455    28271 C  TREP255         Unknown           (197)    2333    2151
   246  6.2  0.0  0.0 HEX3045G05               54668     54699    28027 +  (GAAA)n         Simple_repeat         3      34   (146)
   384  2.2  0.0  0.0 HEX3045G05               59215     59259    23467 +  (GA)n           Simple_repeat         1      45   (135)
  2283 25.0  2.9  2.2 HEX3045G05               59638     60266    22460 +  TREP240         Unknown               1     633   (152)
   189  0.0  0.0  0.0 HEX3045G05               61036     61056    21670 C  (G)n            Simple_repeat      (11)     169     149
   240  3.5  0.0  0.0 HEX3045G05               63319     63347    19379 C  (G)n            Simple_repeat       (0)     180     152
   229 26.5  0.0 10.3 HEX3045G05               63641     63779    18947 +  TREP2053        Unknown            1034    1159     (2)
    22 68.2  0.0  0.0 HEX3045G05               64016     64037    18689 +  AT_rich         Low_complexity      126     147   (153)
   266 17.3  0.0  6.2 HEX3045G05               64156     64223    18503 C  (GAAAA)n        Simple_repeat       (3)     177     114
   299 16.1  1.8  1.8 HEX3045G05               66497     66553    16173 C  TREP2051        Unknown           (950)      67      11
  3566 16.9  2.2  1.2 HEX3045G05               71721     72395    10331 C  TREP1222        Unknown          (6992)    1732    1051
   288 20.2  4.5 14.7 HEX3045G05               72263     72419    10307 C  TREP792         Unknown          (7533)    1188    1046
  1529 20.2  1.5  1.5 HEX3045G05               72527     72863     9863 +  TREP792         Unknown            7692    8028   (693)
    26 65.4  0.0  0.0 HEX3045G05               72864     72889     9837 +  GC_rich         Low_complexity      125     150   (150)
  8415  7.4  0.5  0.6 HEX3045G05               72890     73998     8728 C  TREP792         Unknown           (693)    8028    6921
   772 14.3  2.1  2.8 HEX3045G05               74064     74207     8519 C  TREP792         Unknown          (1752)    6969    6827
 33695 13.1  1.4  0.7 HEX3045G05               74212     79392     3334 C  TREP1222        Unknown          (2129)    6595    1382
 10541 15.0  1.7  2.3 HEX3045G05               79393     81237     1489 C  TREP706         Unknown             (0)    8842    7008
   721 19.6  0.0  1.4 HEX3045G05               81273     81417     1309 C  TREP792         Unknown          (1752)    6969    6827
  3977 21.5  4.5  0.8 HEX3045G05               81416     82300      426 C  TREP1222        Unknown          (2108)    6616    5699
  4546 23.6  3.5  1.3 HEX3045G05               81596     82726        0 C  TREP700         Unknown          (2329)    6457    5303
